#
# There is insufficient memory for the Java Runtime Environment to continue.
# Native memory allocation (malloc) failed to allocate 1780256 bytes for Chunk::new
# Possible reasons:
#   The system is out of physical RAM or swap space
#   The process is running with CompressedOops enabled, and the Java Heap may be blocking the growth of the native heap
# Possible solutions:
#   Reduce memory load on the system
#   Increase physical memory or swap space
#   Check if swap backing store is full
#   Decrease Java heap size (-Xmx/-Xms)
#   Decrease number of Java threads
#   Decrease Java thread stack sizes (-Xss)
#   Set larger code cache with -XX:ReservedCodeCacheSize=
#   JVM is running with Unscaled Compressed Oops mode in which the Java heap is
#     placed in the first 4GB address space. The Java Heap base address is the
#     maximum limit for the native heap growth. Please use -XX:HeapBaseMinAddress
#     to set the Java Heap base and to place the Java Heap above 4GB virtual address.
# This output file may be truncated or incomplete.
#
#  Out of Memory Error (allocation.cpp:389), pid=4836, tid=0x0000000000001d54
#
# JRE version: Java(TM) SE Runtime Environment (8.0_221-b11) (build 1.8.0_221-b11)
# Java VM: Java HotSpot(TM) 64-Bit Server VM (25.221-b11 mixed mode windows-amd64 compressed oops)
# Failed to write core dump. Minidumps are not enabled by default on client versions of Windows
#

---------------  T H R E A D  ---------------

Current thread (0x0000000017117000):  JavaThread "C2 CompilerThread1" daemon [_thread_in_native, id=7508, stack(0x0000000018870000,0x0000000018970000)]

Stack: [0x0000000018870000,0x0000000018970000]
[error occurred during error reporting (printing stack bounds), id 0xc0000005]

Native frames: (J=compiled Java code, j=interpreted, Vv=VM code, C=native code)


Current CompileTask:
C2:  45888 10408       4       org.gradle.api.internal.artifacts.transform.AttributeMatchingVariantSelector::doSelect (422 bytes)


---------------  P R O C E S S  ---------------

Java Threads: ( => current thread )
  0x00000000206c6000 JavaThread "WorkerExecutor Queue Thread 5" [_thread_blocked, id=1232, stack(0x0000000026da0000,0x0000000026ea0000)]
  0x00000000206c5000 JavaThread "WorkerExecutor Queue Thread 4" [_thread_in_native, id=6116, stack(0x00000000268a0000,0x00000000269a0000)]
  0x00000000206c8000 JavaThread "WorkerExecutor Queue Thread 3" [_thread_blocked, id=8804, stack(0x00000000260a0000,0x00000000261a0000)]
  0x00000000206c7800 JavaThread "stdout" [_thread_in_native, id=6368, stack(0x00000000263a0000,0x00000000264a0000)]
  0x00000000206c4800 JavaThread "stderr" [_thread_in_native, id=6220, stack(0x00000000262a0000,0x00000000263a0000)]
  0x00000000206c3800 JavaThread "pool-2-thread-1" [_thread_blocked, id=11300, stack(0x00000000261a0000,0x00000000262a0000)]
  0x00000000206c2000 JavaThread "WorkerExecutor Queue" [_thread_blocked, id=6252, stack(0x0000000025fa0000,0x00000000260a0000)]
  0x00000000206c0000 JavaThread "Cache worker for execution history cache (F:\Bitmatic\Android App Development\MyMall\.gradle\6.1.1\executionHistory)" [_thread_blocked, id=10176, stack(0x00000000248d0000,0x00000000249d0000)]
  0x00000000206c1800 JavaThread "Execution worker for ':' Thread 3" [_thread_blocked, id=11676, stack(0x00000000243b0000,0x00000000244b0000)]
  0x00000000206ba000 JavaThread "Execution worker for ':' Thread 2" [_thread_blocked, id=5160, stack(0x00000000242b0000,0x00000000243b0000)]
  0x00000000206bf000 JavaThread "Execution worker for ':'" [_thread_blocked, id=9348, stack(0x00000000241b0000,0x00000000242b0000)]
  0x00000000206b9000 JavaThread "Cache worker for file content cache (F:\Bitmatic\Android App Development\MyMall\.gradle\6.1.1\fileContent)" [_thread_blocked, id=8680, stack(0x0000000023eb0000,0x0000000023fb0000)]
  0x00000000206bd000 JavaThread "Cache worker for file content cache (C:\Users\SACHIN\.gradle\caches\6.1.1\fileContent)" [_thread_blocked, id=7972, stack(0x0000000023db0000,0x0000000023eb0000)]
  0x00000000206bd800 JavaThread "Memory manager" [_thread_blocked, id=8528, stack(0x0000000022e50000,0x0000000022f50000)]
  0x000000001a3d9000 JavaThread "Cache worker for Build Output Cleanup Cache (F:\Bitmatic\Android App Development\MyMall\.gradle\buildOutputCleanup)" [_thread_blocked, id=7688, stack(0x0000000021b60000,0x0000000021c60000)]
  0x000000001a3d6000 JavaThread "Build operations Thread 4" [_thread_blocked, id=2980, stack(0x0000000021860000,0x0000000021960000)]
  0x000000001a3d5800 JavaThread "Build operations Thread 3" [_thread_blocked, id=4596, stack(0x0000000021760000,0x0000000021860000)]
  0x000000001a3d7000 JavaThread "Build operations Thread 2" [_thread_blocked, id=8972, stack(0x0000000021660000,0x0000000021760000)]
  0x000000001a3d2800 JavaThread "Build operations" [_thread_blocked, id=504, stack(0x0000000021560000,0x0000000021660000)]
  0x000000001ae12800 JavaThread "Cache worker for execution history cache (C:\Users\SACHIN\.gradle\caches\6.1.1\executionHistory)" [_thread_blocked, id=9288, stack(0x0000000020a60000,0x0000000020b60000)]
  0x000000001ae11800 JavaThread "Cache worker for cache directory md-rule (C:\Users\SACHIN\.gradle\caches\6.1.1\md-rule)" [_thread_blocked, id=2796, stack(0x0000000020960000,0x0000000020a60000)]
  0x000000001ae13000 JavaThread "Cache worker for cache directory md-supplier (C:\Users\SACHIN\.gradle\caches\6.1.1\md-supplier)" [_thread_blocked, id=1056, stack(0x000000001f830000,0x000000001f930000)]
  0x000000001ae0f800 JavaThread "Cache worker for file hash cache (F:\Bitmatic\Android App Development\MyMall\.gradle\6.1.1\fileHashes)" [_thread_blocked, id=11020, stack(0x000000001f530000,0x000000001f630000)]
  0x000000001ae0e800 JavaThread "Cache worker for checksums cache (F:\Bitmatic\Android App Development\MyMall\.gradle\checksums)" [_thread_blocked, id=5772, stack(0x000000001f430000,0x000000001f530000)]
  0x000000001ae11000 JavaThread "Cache worker for file hash cache (C:\Users\SACHIN\.gradle\caches\6.1.1\fileHashes)" [_thread_blocked, id=9880, stack(0x000000001ce90000,0x000000001cf90000)]
  0x000000001ae0e000 JavaThread "File lock request listener" [_thread_in_native, id=1084, stack(0x000000001cd90000,0x000000001ce90000)]
  0x000000001ae10000 JavaThread "Cache worker for journal cache (C:\Users\SACHIN\.gradle\caches\journal-1)" [_thread_blocked, id=8436, stack(0x000000001cc90000,0x000000001cd90000)]
  0x000000001ac99000 JavaThread "Thread-9" [_thread_blocked, id=9116, stack(0x000000001c990000,0x000000001ca90000)]
  0x000000001acbc800 JavaThread "Stdin handler" [_thread_blocked, id=5356, stack(0x000000001c890000,0x000000001c990000)]
  0x000000001acbc000 JavaThread "Asynchronous log dispatcher for DefaultDaemonConnection: socket connection from /127.0.0.1:59087 to /127.0.0.1:59088" [_thread_blocked, id=5020, stack(0x000000001c790000,0x000000001c890000)]
  0x000000001acb5800 JavaThread "Daemon worker" [_thread_blocked, id=3944, stack(0x000000001c690000,0x000000001c790000)]
  0x000000001acb2800 JavaThread "Cancel handler" [_thread_blocked, id=7324, stack(0x000000001c590000,0x000000001c690000)]
  0x000000001ac00000 JavaThread "Handler for socket connection from /127.0.0.1:59087 to /127.0.0.1:59088" [_thread_in_native, id=12072, stack(0x000000001c290000,0x000000001c390000)]
  0x000000001abff000 JavaThread "Daemon" [_thread_blocked, id=10268, stack(0x000000001c190000,0x000000001c290000)]
  0x000000001ab5c800 JavaThread "Daemon periodic checks" [_thread_blocked, id=10936, stack(0x000000001c090000,0x000000001c190000)]
  0x000000001ab5a000 JavaThread "Incoming local TCP Connector on port 59087" [_thread_in_native, id=4924, stack(0x000000001be50000,0x000000001bf50000)]
  0x000000001abce000 JavaThread "Daemon health stats" [_thread_blocked, id=9628, stack(0x000000001b810000,0x000000001b910000)]
  0x0000000018a98800 JavaThread "Service Thread" daemon [_thread_blocked, id=564, stack(0x0000000018e70000,0x0000000018f70000)]
  0x000000001711b800 JavaThread "C1 CompilerThread2" daemon [_thread_blocked, id=8776, stack(0x0000000018970000,0x0000000018a70000)]
=>0x0000000017117000 JavaThread "C2 CompilerThread1" daemon [_thread_in_native, id=7508, stack(0x0000000018870000,0x0000000018970000)]
  0x000000001710d800 JavaThread "C2 CompilerThread0" daemon [_thread_blocked, id=2736, stack(0x0000000018770000,0x0000000018870000)]
  0x000000001710b800 JavaThread "Attach Listener" daemon [_thread_blocked, id=7520, stack(0x0000000018670000,0x0000000018770000)]
  0x000000001710a000 JavaThread "Signal Dispatcher" daemon [_thread_blocked, id=6124, stack(0x0000000018570000,0x0000000018670000)]
  0x00000000024ba800 JavaThread "Finalizer" daemon [_thread_blocked, id=5240, stack(0x0000000018370000,0x0000000018470000)]
  0x00000000024b2000 JavaThread "Reference Handler" daemon [_thread_blocked, id=4184, stack(0x0000000018270000,0x0000000018370000)]
  0x00000000023c2800 JavaThread "main" [_thread_blocked, id=3316, stack(0x0000000002290000,0x0000000002390000)]

Other Threads:
  0x00000000170d7800 VMThread [stack: 0x0000000018170000,0x0000000018270000] [id=11572]
  0x0000000018abd800 WatcherThread [stack: 0x0000000018f70000,0x0000000019070000] [id=7076]

VM state:not at safepoint (normal execution)

VM Mutex/Monitor currently owned by a thread: None

heap address: 0x0000000080000000, size: 2048 MB, Compressed Oops mode: 32-bit
Narrow klass base: 0x0000000000000000, Narrow klass shift: 3
Compressed class space size: 1073741824 Address: 0x0000000100000000

Heap:
 PSYoungGen      total 263168K, used 145696K [0x00000000d5580000, 0x00000000ea600000, 0x0000000100000000)
  eden space 242688K, 53% used [0x00000000d5580000,0x00000000dd4dce08,0x00000000e4280000)
  from space 20480K, 74% used [0x00000000e4280000,0x00000000e516b2f8,0x00000000e5680000)
  to   space 22016K, 0% used [0x00000000e9080000,0x00000000e9080000,0x00000000ea600000)
 ParOldGen       total 83456K, used 45403K [0x0000000080000000, 0x0000000085180000, 0x00000000d5580000)
  object space 83456K, 54% used [0x0000000080000000,0x0000000082c56e88,0x0000000085180000)
 Metaspace       used 74853K, capacity 78374K, committed 78592K, reserved 1116160K
  class space    used 10503K, capacity 11171K, committed 11264K, reserved 1048576K

Card table byte_map: [0x00000000118b0000,0x0000000011cc0000] byte_map_base: 0x00000000114b0000

Marking Bits: (ParMarkBitMap*) 0x00000000568b5ce0
 Begin Bits: [0x0000000012370000, 0x0000000014370000)
 End Bits:   [0x0000000014370000, 0x0000000016370000)

Polling page: 0x0000000000630000

CodeCache: size=245760Kb used=29296Kb max_used=29334Kb free=216463Kb
 bounds [0x00000000024f0000, 0x00000000041c0000, 0x00000000114f0000]
 total_blobs=9861 nmethods=9018 adapters=752
 compilation: enabled

Compilation events (10 events):
Event: 44.468 Thread 0x000000001711b800 nmethod 10414 0x0000000004177ad0 code [0x0000000004177ca0, 0x0000000004178218]
Event: 44.468 Thread 0x000000001711b800 10415       3       java.util.regex.Matcher::quoteReplacement (82 bytes)
Event: 44.471 Thread 0x000000001711b800 nmethod 10415 0x000000000418be50 code [0x000000000418c100, 0x000000000418d7f8]
Event: 44.476 Thread 0x0000000017117000 nmethod 10407 0x0000000004197510 code [0x00000000041978e0, 0x0000000004199f60]
Event: 44.477 Thread 0x0000000017117000 10408       4       org.gradle.api.internal.artifacts.transform.AttributeMatchingVariantSelector::doSelect (422 bytes)
Event: 45.132 Thread 0x000000001711b800 10416       3       sun.nio.fs.WindowsPath::relativize (6 bytes)
Event: 45.132 Thread 0x000000001711b800 nmethod 10416 0x00000000041776d0 code [0x0000000004177840, 0x0000000004177a48]
Event: 45.505 Thread 0x000000001710d800 nmethod 10406 0x00000000041a6650 code [0x00000000041a6d80, 0x00000000041aeb00]
Event: 45.506 Thread 0x000000001710d800 10409       4       org.gradle.internal.vfs.impl.SnapshotHierarchy::getSnapshot (38 bytes)
Event: 45.527 Thread 0x000000001710d800 nmethod 10409 0x0000000004192bd0 code [0x0000000004192da0, 0x00000000041935a8]

GC Heap History (10 events):
Event: 19.504 GC heap before
{Heap before GC invocations=14 (full 2):
 PSYoungGen      total 151552K, used 151540K [0x00000000d5580000, 0x00000000e2b00000, 0x0000000100000000)
  eden space 139264K, 100% used [0x00000000d5580000,0x00000000ddd80000,0x00000000ddd80000)
  from space 12288K, 99% used [0x00000000ddd80000,0x00000000de97d148,0x00000000de980000)
  to   space 15872K, 0% used [0x00000000e1b80000,0x00000000e1b80000,0x00000000e2b00000)
 ParOldGen       total 50688K, used 18829K [0x0000000080000000, 0x0000000083180000, 0x00000000d5580000)
  object space 50688K, 37% used [0x0000000080000000,0x00000000812635f0,0x0000000083180000)
 Metaspace       used 55652K, capacity 57648K, committed 57984K, reserved 1099776K
  class space    used 7783K, capacity 8218K, committed 8320K, reserved 1048576K
Event: 19.573 GC heap after
Heap after GC invocations=14 (full 2):
 PSYoungGen      total 200192K, used 14842K [0x00000000d5580000, 0x00000000e2d80000, 0x0000000100000000)
  eden space 184320K, 0% used [0x00000000d5580000,0x00000000d5580000,0x00000000e0980000)
  from space 15872K, 93% used [0x00000000e1b80000,0x00000000e29fe8e8,0x00000000e2b00000)
  to   space 18432K, 0% used [0x00000000e0980000,0x00000000e0980000,0x00000000e1b80000)
 ParOldGen       total 50688K, used 27979K [0x0000000080000000, 0x0000000083180000, 0x00000000d5580000)
  object space 50688K, 55% used [0x0000000080000000,0x0000000081b52ec0,0x0000000083180000)
 Metaspace       used 55652K, capacity 57648K, committed 57984K, reserved 1099776K
  class space    used 7783K, capacity 8218K, committed 8320K, reserved 1048576K
}
Event: 19.960 GC heap before
{Heap before GC invocations=15 (full 2):
 PSYoungGen      total 200192K, used 35426K [0x00000000d5580000, 0x00000000e2d80000, 0x0000000100000000)
  eden space 184320K, 11% used [0x00000000d5580000,0x00000000d699a2d0,0x00000000e0980000)
  from space 15872K, 93% used [0x00000000e1b80000,0x00000000e29fe8e8,0x00000000e2b00000)
  to   space 18432K, 0% used [0x00000000e0980000,0x00000000e0980000,0x00000000e1b80000)
 ParOldGen       total 50688K, used 27979K [0x0000000080000000, 0x0000000083180000, 0x00000000d5580000)
  object space 50688K, 55% used [0x0000000080000000,0x0000000081b52ec0,0x0000000083180000)
 Metaspace       used 57062K, capacity 59070K, committed 59160K, reserved 1099776K
  class space    used 8028K, capacity 8487K, committed 8576K, reserved 1048576K
Event: 19.979 GC heap after
Heap after GC invocations=15 (full 2):
 PSYoungGen      total 202752K, used 1845K [0x00000000d5580000, 0x00000000e6b80000, 0x0000000100000000)
  eden space 184320K, 0% used [0x00000000d5580000,0x00000000d5580000,0x00000000e0980000)
  from space 18432K, 10% used [0x00000000e0980000,0x00000000e0b4d510,0x00000000e1b80000)
  to   space 17920K, 0% used [0x00000000e5a00000,0x00000000e5a00000,0x00000000e6b80000)
 ParOldGen       total 50688K, used 36671K [0x0000000080000000, 0x0000000083180000, 0x00000000d5580000)
  object space 50688K, 72% used [0x0000000080000000,0x00000000823cfd28,0x0000000083180000)
 Metaspace       used 57062K, capacity 59070K, committed 59160K, reserved 1099776K
  class space    used 8028K, capacity 8487K, committed 8576K, reserved 1048576K
}
Event: 19.979 GC heap before
{Heap before GC invocations=16 (full 3):
 PSYoungGen      total 202752K, used 1845K [0x00000000d5580000, 0x00000000e6b80000, 0x0000000100000000)
  eden space 184320K, 0% used [0x00000000d5580000,0x00000000d5580000,0x00000000e0980000)
  from space 18432K, 10% used [0x00000000e0980000,0x00000000e0b4d510,0x00000000e1b80000)
  to   space 17920K, 0% used [0x00000000e5a00000,0x00000000e5a00000,0x00000000e6b80000)
 ParOldGen       total 50688K, used 36671K [0x0000000080000000, 0x0000000083180000, 0x00000000d5580000)
  object space 50688K, 72% used [0x0000000080000000,0x00000000823cfd28,0x0000000083180000)
 Metaspace       used 57062K, capacity 59070K, committed 59160K, reserved 1099776K
  class space    used 8028K, capacity 8487K, committed 8576K, reserved 1048576K
Event: 20.311 GC heap after
Heap after GC invocations=16 (full 3):
 PSYoungGen      total 202752K, used 0K [0x00000000d5580000, 0x00000000e6b80000, 0x0000000100000000)
  eden space 184320K, 0% used [0x00000000d5580000,0x00000000d5580000,0x00000000e0980000)
  from space 18432K, 0% used [0x00000000e0980000,0x00000000e0980000,0x00000000e1b80000)
  to   space 17920K, 0% used [0x00000000e5a00000,0x00000000e5a00000,0x00000000e6b80000)
 ParOldGen       total 83456K, used 31639K [0x0000000080000000, 0x0000000085180000, 0x00000000d5580000)
  object space 83456K, 37% used [0x0000000080000000,0x0000000081ee5db8,0x0000000085180000)
 Metaspace       used 57055K, capacity 59046K, committed 59160K, reserved 1099776K
  class space    used 8025K, capacity 8483K, committed 8576K, reserved 1048576K
}
Event: 26.183 GC heap before
{Heap before GC invocations=17 (full 3):
 PSYoungGen      total 202752K, used 184320K [0x00000000d5580000, 0x00000000e6b80000, 0x0000000100000000)
  eden space 184320K, 100% used [0x00000000d5580000,0x00000000e0980000,0x00000000e0980000)
  from space 18432K, 0% used [0x00000000e0980000,0x00000000e0980000,0x00000000e1b80000)
  to   space 17920K, 0% used [0x00000000e5a00000,0x00000000e5a00000,0x00000000e6b80000)
 ParOldGen       total 83456K, used 31639K [0x0000000080000000, 0x0000000085180000, 0x00000000d5580000)
  object space 83456K, 37% used [0x0000000080000000,0x0000000081ee5db8,0x0000000085180000)
 Metaspace       used 61959K, capacity 64572K, committed 64896K, reserved 1105920K
  class space    used 8696K, capacity 9224K, committed 9344K, reserved 1048576K
Event: 26.227 GC heap after
Heap after GC invocations=17 (full 3):
 PSYoungGen      total 255488K, used 16808K [0x00000000d5580000, 0x00000000e6a80000, 0x0000000100000000)
  eden space 238592K, 0% used [0x00000000d5580000,0x00000000d5580000,0x00000000e3e80000)
  from space 16896K, 99% used [0x00000000e5a00000,0x00000000e6a6a160,0x00000000e6a80000)
  to   space 20480K, 0% used [0x00000000e4280000,0x00000000e4280000,0x00000000e5680000)
 ParOldGen       total 83456K, used 31647K [0x0000000080000000, 0x0000000085180000, 0x00000000d5580000)
  object space 83456K, 37% used [0x0000000080000000,0x0000000081ee7db8,0x0000000085180000)
 Metaspace       used 61959K, capacity 64572K, committed 64896K, reserved 1105920K
  class space    used 8696K, capacity 9224K, committed 9344K, reserved 1048576K
}
Event: 39.863 GC heap before
{Heap before GC invocations=18 (full 3):
 PSYoungGen      total 255488K, used 255400K [0x00000000d5580000, 0x00000000e6a80000, 0x0000000100000000)
  eden space 238592K, 100% used [0x00000000d5580000,0x00000000e3e80000,0x00000000e3e80000)
  from space 16896K, 99% used [0x00000000e5a00000,0x00000000e6a6a160,0x00000000e6a80000)
  to   space 20480K, 0% used [0x00000000e4280000,0x00000000e4280000,0x00000000e5680000)
 ParOldGen       total 83456K, used 31647K [0x0000000080000000, 0x0000000085180000, 0x00000000d5580000)
  object space 83456K, 37% used [0x0000000080000000,0x0000000081ee7db8,0x0000000085180000)
 Metaspace       used 68008K, capacity 70882K, committed 71040K, reserved 1110016K
  class space    used 9417K, capacity 10011K, committed 10112K, reserved 1048576K
Event: 39.913 GC heap after
Heap after GC invocations=18 (full 3):
 PSYoungGen      total 263168K, used 15276K [0x00000000d5580000, 0x00000000ea600000, 0x0000000100000000)
  eden space 242688K, 0% used [0x00000000d5580000,0x00000000d5580000,0x00000000e4280000)
  from space 20480K, 74% used [0x00000000e4280000,0x00000000e516b2f8,0x00000000e5680000)
  to   space 22016K, 0% used [0x00000000e9080000,0x00000000e9080000,0x00000000ea600000)
 ParOldGen       total 83456K, used 45403K [0x0000000080000000, 0x0000000085180000, 0x00000000d5580000)
  object space 83456K, 54% used [0x0000000080000000,0x0000000082c56e88,0x0000000085180000)
 Metaspace       used 68008K, capacity 70882K, committed 71040K, reserved 1110016K
  class space    used 9417K, capacity 10011K, committed 10112K, reserved 1048576K
}

Deoptimization events (10 events):
Event: 42.797 Thread 0x00000000206c8000 Uncommon trap: reason=bimorphic action=maybe_recompile pc=0x0000000003f1f32c method=java.util.Spliterators$IteratorSpliterator.tryAdvance(Ljava/util/function/Consumer;)Z @ 50
Event: 43.202 Thread 0x00000000206c1800 Uncommon trap: reason=unstable_if action=reinterpret pc=0x00000000027426cc method=java.lang.AbstractStringBuilder.append(I)Ljava/lang/AbstractStringBuilder; @ 16
Event: 43.202 Thread 0x00000000206c1800 Uncommon trap: reason=unstable_if action=reinterpret pc=0x00000000026a5cd0 method=java.lang.Integer.getChars(II[C)V @ 7
Event: 43.223 Thread 0x00000000206bf000 Uncommon trap: reason=null_check action=make_not_entrant pc=0x00000000040dc95c method=org.gradle.tooling.internal.provider.runner.SubtreeFilteringBuildOperationListener.started(Lorg/gradle/internal/operations/BuildOperationDescriptor;Lorg/gradle/internal/
Event: 43.862 Thread 0x00000000206ba000 Uncommon trap: reason=unstable_if action=reinterpret pc=0x00000000036af780 method=java.util.concurrent.ArrayBlockingQueue.enqueue(Ljava/lang/Object;)V @ 25
Event: 43.868 Thread 0x000000001ae11000 Uncommon trap: reason=unstable_if action=reinterpret pc=0x0000000003bcd990 method=java.util.concurrent.ArrayBlockingQueue.dequeue()Ljava/lang/Object; @ 32
Event: 43.898 Thread 0x00000000206c5000 Uncommon trap: reason=class_check action=maybe_recompile pc=0x0000000003f2cdf0 method=java.util.Spliterators$1Adapter.hasNext()Z @ 12
Event: 44.129 Thread 0x00000000206c5000 Uncommon trap: reason=class_check action=maybe_recompile pc=0x0000000003f2cdf0 method=java.util.Spliterators$1Adapter.hasNext()Z @ 12
Event: 44.281 Thread 0x00000000206c5000 Uncommon trap: reason=class_check action=maybe_recompile pc=0x0000000003f2cdf0 method=java.util.Spliterators$1Adapter.hasNext()Z @ 12
Event: 44.431 Thread 0x00000000206c5000 Uncommon trap: reason=class_check action=maybe_recompile pc=0x0000000003f2cdf0 method=java.util.Spliterators$1Adapter.hasNext()Z @ 12

Classes redefined (0 events):
No events

Internal exceptions (10 events):
Event: 40.242 Thread 0x00000000206c1800 Exception <a 'sun/nio/fs/WindowsException'> (0x00000000d6958b80) thrown at [C:\re\workspace\8-2-build-windows-amd64-cygwin\jdk8u221\13320\hotspot\src\share\vm\prims\jni.cpp, line 710]
Event: 40.242 Thread 0x00000000206c1800 Exception <a 'sun/nio/fs/WindowsException'> (0x00000000d69598c0) thrown at [C:\re\workspace\8-2-build-windows-amd64-cygwin\jdk8u221\13320\hotspot\src\share\vm\prims\jni.cpp, line 710]
Event: 40.292 Thread 0x00000000206bf000 Implicit null exception at 0x0000000003c1cd3f to 0x0000000003c1d6a5
Event: 42.253 Thread 0x00000000206c1800 Exception <a 'java/lang/NoSuchMethodError': <clinit>> (0x00000000da610ae8) thrown at [C:\re\workspace\8-2-build-windows-amd64-cygwin\jdk8u221\13320\hotspot\src\share\vm\prims\jni.cpp, line 1614]
Event: 42.359 Thread 0x00000000206c2000 Exception <a 'java/lang/NoSuchMethodError': java.lang.Object.lambda$static$0(Ljava/lang/String;)Z> (0x00000000da792948) thrown at [C:\re\workspace\8-2-build-windows-amd64-cygwin\jdk8u221\13320\hotspot\src\share\vm\interpreter\linkResolver.cpp, line 620]
Event: 42.379 Thread 0x00000000206c8000 Exception <a 'sun/nio/fs/WindowsException'> (0x00000000daba95c8) thrown at [C:\re\workspace\8-2-build-windows-amd64-cygwin\jdk8u221\13320\hotspot\src\share\vm\prims\jni.cpp, line 710]
Event: 42.711 Thread 0x00000000206c8000 Exception <a 'java/lang/NoSuchMethodError': java.lang.Object.lambda$maxBy$1(Ljava/util/Comparator;Ljava/lang/Object;Ljava/lang/Object;)Ljava/lang/Object;> (0x00000000db9dac70) thrown at [C:\re\workspace\8-2-build-windows-amd64-cygwin\jdk8u221\13320\hotspo
Event: 42.918 Thread 0x00000000206c8000 Exception <a 'sun/nio/fs/WindowsException'> (0x00000000dc115ed8) thrown at [C:\re\workspace\8-2-build-windows-amd64-cygwin\jdk8u221\13320\hotspot\src\share\vm\prims\jni.cpp, line 710]
Event: 43.203 Thread 0x00000000206c1800 Exception <a 'java/lang/NoSuchMethodError': <clinit>> (0x00000000dc2264f8) thrown at [C:\re\workspace\8-2-build-windows-amd64-cygwin\jdk8u221\13320\hotspot\src\share\vm\prims\jni.cpp, line 1614]
Event: 43.223 Thread 0x00000000206bf000 Implicit null exception at 0x00000000040dc11e to 0x00000000040dc93d

Events (10 events):
Event: 44.129 Thread 0x00000000206c5000 DEOPT PACKING pc=0x0000000003f2cdf0 sp=0x000000002699dfc0
Event: 44.129 Thread 0x00000000206c5000 DEOPT UNPACKING pc=0x000000000253583b sp=0x000000002699df70 mode 2
Event: 44.281 Thread 0x00000000206c5000 Uncommon trap: trap_request=0xffffffde fr.pc=0x0000000003f2cdf0
Event: 44.281 Thread 0x00000000206c5000 DEOPT PACKING pc=0x0000000003f2cdf0 sp=0x000000002699dfc0
Event: 44.281 Thread 0x00000000206c5000 DEOPT UNPACKING pc=0x000000000253583b sp=0x000000002699df70 mode 2
Event: 44.319 Executing VM operation: RevokeBias
Event: 44.319 Executing VM operation: RevokeBias done
Event: 44.431 Thread 0x00000000206c5000 Uncommon trap: trap_request=0xffffffde fr.pc=0x0000000003f2cdf0
Event: 44.431 Thread 0x00000000206c5000 DEOPT PACKING pc=0x0000000003f2cdf0 sp=0x000000002699dfc0
Event: 44.431 Thread 0x00000000206c5000 DEOPT UNPACKING pc=0x000000000253583b sp=0x000000002699df70 mode 2


Dynamic libraries:
0x00007ff70c4e0000 - 0x00007ff70c517000 	C:\Program Files\Java\jdk1.8.0_221\bin\java.exe
0x00007ff936ac0000 - 0x00007ff936cb0000 	C:\WINDOWS\SYSTEM32\ntdll.dll
0x00007ff9357f0000 - 0x00007ff9358a2000 	C:\WINDOWS\System32\KERNEL32.DLL
0x00007ff933f00000 - 0x00007ff9341a5000 	C:\WINDOWS\System32\KERNELBASE.dll
0x00007ff936950000 - 0x00007ff9369f3000 	C:\WINDOWS\System32\ADVAPI32.dll
0x00007ff935090000 - 0x00007ff93512e000 	C:\WINDOWS\System32\msvcrt.dll
0x00007ff936530000 - 0x00007ff9365c7000 	C:\WINDOWS\System32\sechost.dll
0x00007ff9358b0000 - 0x00007ff9359d0000 	C:\WINDOWS\System32\RPCRT4.dll
0x00007ff9365d0000 - 0x00007ff936764000 	C:\WINDOWS\System32\USER32.dll
0x00007ff933b30000 - 0x00007ff933b51000 	C:\WINDOWS\System32\win32u.dll
0x00007ff935190000 - 0x00007ff9351b6000 	C:\WINDOWS\System32\GDI32.dll
0x00007ff933d60000 - 0x00007ff933ef6000 	C:\WINDOWS\System32\gdi32full.dll
0x00007ff934ad0000 - 0x00007ff934b6e000 	C:\WINDOWS\System32\msvcp_win.dll
0x00007ff934250000 - 0x00007ff93434a000 	C:\WINDOWS\System32\ucrtbase.dll
0x00007ff926890000 - 0x00007ff926b14000 	C:\WINDOWS\WinSxS\amd64_microsoft.windows.common-controls_6595b64144ccf1df_6.0.18362.1139_none_9e7bf2d3e4605ac6\COMCTL32.dll
0x00007ff9354b0000 - 0x00007ff9357e5000 	C:\WINDOWS\System32\combase.dll
0x00007ff933a50000 - 0x00007ff933ad0000 	C:\WINDOWS\System32\bcryptPrimitives.dll
0x00007ff936770000 - 0x00007ff93679e000 	C:\WINDOWS\System32\IMM32.DLL
0x0000000056940000 - 0x0000000056a12000 	C:\Program Files\Java\jdk1.8.0_221\jre\bin\msvcr100.dll
0x0000000056090000 - 0x0000000056935000 	C:\Program Files\Java\jdk1.8.0_221\jre\bin\server\jvm.dll
0x00007ff935ae0000 - 0x00007ff935ae8000 	C:\WINDOWS\System32\PSAPI.DLL
0x00007ff931530000 - 0x00007ff931554000 	C:\WINDOWS\SYSTEM32\WINMM.dll
0x00007ff927680000 - 0x00007ff92768a000 	C:\WINDOWS\SYSTEM32\VERSION.dll
0x00007ff92b920000 - 0x00007ff92b929000 	C:\WINDOWS\SYSTEM32\WSOCK32.dll
0x00007ff935a60000 - 0x00007ff935acf000 	C:\WINDOWS\System32\WS2_32.dll
0x00007ff931500000 - 0x00007ff93152d000 	C:\WINDOWS\SYSTEM32\winmmbase.dll
0x00007ff9341d0000 - 0x00007ff93421a000 	C:\WINDOWS\System32\cfgmgr32.dll
0x00007ff931620000 - 0x00007ff93162f000 	C:\Program Files\Java\jdk1.8.0_221\jre\bin\verify.dll
0x00007ff927020000 - 0x00007ff927049000 	C:\Program Files\Java\jdk1.8.0_221\jre\bin\java.dll
0x00007ff92e8b0000 - 0x00007ff92e8c6000 	C:\Program Files\Java\jdk1.8.0_221\jre\bin\zip.dll
0x00007ff935d70000 - 0x00007ff936457000 	C:\WINDOWS\System32\SHELL32.dll
0x00007ff934fe0000 - 0x00007ff935089000 	C:\WINDOWS\System32\shcore.dll
0x00007ff934350000 - 0x00007ff934ad0000 	C:\WINDOWS\System32\windows.storage.dll
0x00007ff9339b0000 - 0x00007ff9339d3000 	C:\WINDOWS\System32\profapi.dll
0x00007ff9339e0000 - 0x00007ff933a2a000 	C:\WINDOWS\System32\powrprof.dll
0x00007ff933980000 - 0x00007ff933990000 	C:\WINDOWS\System32\UMPDC.dll
0x00007ff9351c0000 - 0x00007ff935212000 	C:\WINDOWS\System32\shlwapi.dll
0x00007ff933a30000 - 0x00007ff933a41000 	C:\WINDOWS\System32\kernel.appcore.dll
0x00007ff9341b0000 - 0x00007ff9341c7000 	C:\WINDOWS\System32\cryptsp.dll
0x00007ff92d540000 - 0x00007ff92d55a000 	C:\Program Files\Java\jdk1.8.0_221\jre\bin\net.dll
0x00007ff921fc0000 - 0x00007ff922196000 	C:\WINDOWS\SYSTEM32\urlmon.dll
0x00007ff923d90000 - 0x00007ff924037000 	C:\WINDOWS\SYSTEM32\iertutil.dll
0x00007ff933340000 - 0x00007ff93334c000 	C:\WINDOWS\SYSTEM32\CRYPTBASE.DLL
0x00007ff933170000 - 0x00007ff9331d7000 	C:\WINDOWS\system32\mswsock.dll
0x00007ff92d260000 - 0x00007ff92d272000 	C:\Program Files\Java\jdk1.8.0_221\jre\bin\nio.dll
0x00007ff92d670000 - 0x00007ff92d696000 	C:\Users\SACHIN\.gradle\native\31\windows-amd64\native-platform.dll
0x00007ff92da80000 - 0x00007ff92da8d000 	C:\Program Files\Java\jdk1.8.0_221\jre\bin\management.dll
0x00007ff932ce0000 - 0x00007ff932d13000 	C:\WINDOWS\system32\rsaenh.dll
0x00007ff934220000 - 0x00007ff934246000 	C:\WINDOWS\System32\bcrypt.dll
0x00007ff933860000 - 0x00007ff933885000 	C:\WINDOWS\SYSTEM32\USERENV.dll
0x00007ff932e80000 - 0x00007ff932eba000 	C:\WINDOWS\SYSTEM32\IPHLPAPI.DLL
0x00007ff9359d0000 - 0x00007ff9359d8000 	C:\WINDOWS\System32\NSI.dll
0x00007ff92a0c0000 - 0x00007ff92a0d6000 	C:\WINDOWS\SYSTEM32\dhcpcsvc6.DLL
0x00007ff92ae10000 - 0x00007ff92ae2c000 	C:\WINDOWS\SYSTEM32\dhcpcsvc.DLL
0x00007ff932ec0000 - 0x00007ff932f8b000 	C:\WINDOWS\SYSTEM32\DNSAPI.dll

VM Arguments:
jvm_args: -Xmx2048m -Dfile.encoding=windows-1252 -Duser.country=US -Duser.language=en -Duser.variant 
java_command: org.gradle.launcher.daemon.bootstrap.GradleDaemon 6.1.1
java_class_path (initial): C:\Users\SACHIN\.gradle\wrapper\dists\gradle-6.1.1-all\cfmwm155h49vnt3hynmlrsdst\gradle-6.1.1\lib\gradle-launcher-6.1.1.jar
Launcher Type: SUN_STANDARD

Environment Variables:
JAVA_HOME=C:\Program Files\Java\jdk1.8.0_221
PATH=C:\Program Files (x86)\Common Files\Oracle\Java\javapath;C:\ProgramData\Oracle\Java\javapath;H:\ERP system\Latest Software\apache-maven-3.3.9\bin;C:\Program Files\Java\jdk1.8.0_221\bin;C:\Program Files\Java\jdk1.7.0_79\bin;C:\Program Files\Java\jre7\bin;C:\WINDOWS\system32;C:\WINDOWS;C:\WINDOWS\System32\Wbem;C:\WINDOWS\System32\WindowsPowerShell\v1.0\;C:\Program Files\Microsoft SQL Server\110\Tools\Binn\;C:\Program Files\Microsoft\Web Platform Installer\;C:\Program Files (x86)\Microsoft ASP.NET\ASP.NET Web Pages\v1.0\;C:\Program Files\Microsoft SQL Server\120\Tools\Binn\;C:\Program Files\Microsoft SQL Server\130\Tools\Binn\;C:\WINDOWS\System32\OpenSSH\;C:\Program Files\nodejs\;C:\Git\cmd;C:\Users\SACHIN\AppData\Roaming\npm;C:\Program Files\PuTTY\;C:\Program Files\MySQL\MySQL Shell 8.0\bin\;C:\Users\SACHIN\AppData\Local\Microsoft\WindowsApps;C:\Users\SACHIN\AppData\Local\Programs\Microsoft VS Code\bin;C:\Users\SACHIN\AppData\Local\Android\Sdk\platform-tools;
USERNAME=SACHIN
OS=Windows_NT
PROCESSOR_IDENTIFIER=Intel64 Family 6 Model 61 Stepping 4, GenuineIntel



---------------  S Y S T E M  ---------------

OS: Windows 10.0 , 64 bit Build 18362 (10.0.18362.1110)

CPU:total 4 (initial active 4) (2 cores per cpu, 2 threads per core) family 6 model 61 stepping 4, cmov, cx8, fxsr, mmx, sse, sse2, sse3, ssse3, sse4.1, sse4.2, popcnt, avx, avx2, aes, clmul, erms, 3dnowpref, lzcnt, ht, tsc, tscinvbit, bmi1, bmi2, adx

Memory: 4k page, physical 4112560k(448224k free), swap 16695472k(5608k free)

vm_info: Java HotSpot(TM) 64-Bit Server VM (25.221-b11) for windows-amd64 JRE (1.8.0_221-b11), built on Jul  4 2019 04:39:29 by "java_re" with MS VC++ 10.0 (VS2010)

time: Wed Oct 28 17:28:10 2020
timezone: India Standard Time
elapsed time: 45 seconds (0d 0h 0m 45s)

